	Thread ID 1848	0	 (i)  Log subsystem started in elapsed time mode.
	Thread ID 1848	16	 (i)  Logging [debug info (D), info (i), notices (M), warnings (W), errors (Er), fatal errors (!!)]
	Thread ID 1848	16	 (i)  Buffered mode: False
	Thread ID 1848	16	 (M)  Service thread started
	Thread ID 1848	125	 (i)  GLWidgetContext: Widget->LCLwin32\64
	Thread ID 1848	516	 (i)  Temporary rendering context created
	Thread ID 1848	532	 (M)  Getting OpenGL entry points and extension
	Thread ID 1848	532	 (M)  
	Thread ID 1848	532	 (i)  OpenGL rendering context information:
	Thread ID 1848	547	 (i)  Renderer     : GeForce GT 720M/PCIe/SSE2
	Thread ID 1848	547	 (i)  Vendor       : NVIDIA Corporation
	Thread ID 1848	547	 (i)  Version      : 4.6.0 NVIDIA 419.67
	Thread ID 1848	563	 (i)  GLSL version : 4.60 NVIDIA
	Thread ID 1848	563	 (M)  
	Thread ID 1848	625	 (M)  Getting OpenGL entry points and extension
	Thread ID 1848	735	 (i)  Backward compatible core PBuffer context successfully created
	Thread ID 1848	735	 (M)  Service context successfuly initialized
	Thread ID 1128	766	 (i)  GLWidgetContext: Widget->LCLwin32\64
	Thread ID 1128	766	 (i)  GLWidgetContext: Widget->LCLwin32\64
	Thread ID 1128	813	 (i)  Temporary rendering context created
	Thread ID 1128	813	 (M)  Getting OpenGL entry points and extension
	Thread ID 1128	875	 (i)  Temporary rendering context destroyed
	Thread ID 1128	875	 (M)  Getting OpenGL entry points and extension
	Thread ID 1128	1063	 (i)  GLWidgetContext: Widget->LCLwin32\64
	Thread ID 1128	1078	 (i)  GLWidgetContext: Widget->LCLwin32\64
	Thread ID 1128	1110	 (i)  Temporary rendering context created
	Thread ID 1128	1110	 (M)  Getting OpenGL entry points and extension
	Thread ID 1128	1172	 (i)  Temporary rendering context destroyed
	Thread ID 1128	1188	 (M)  Getting OpenGL entry points and extension
	Thread ID 1128	30750	 (i)  Service context queue task depleted
	Thread ID 1848	1847235	 (M)  Service thread finished
	Thread ID 1128	1847250	 (D)  Service thread destroyed
	Thread ID 1128	1847266	 (i)  Logged fatal_errors: 0, errors: 0, warnings: 0, notices: 11, info: 20, debug: 1
	Thread ID 1128	1847266	 (i)  Log session shutdown
