-42.9918026928503 -0.380881846641221 -1.00001420876014 
-42.9967204290527 -0.408155173405265 -1.00001420886014 
-43.0048654296379 -0.685859611082697 -1.00001420896014 
-43.0151141284875 -0.884749446524293 -1.00001420906014 
-43.0185462985455 -0.624139069037811 -1.00001420916014 
-43.022244845981 -0.532795242662322 -1.00001420926014 
-43.0298809974731 -0.782567351281343 -0.800014209340142 
-43.0377596206807 -0.720601425640847 -0.800014209420142 
-43.0456382438883 -0.929752824766048 -0.800014209500142 
-43.0547053200115 -0.879484403792674 -0.800014209580142 
-43.0595137731872 -0.599464662723138 -0.800014209660142 
-43.0633591696899 -0.514535800731976 -0.600014209720142 
-43.0725491892182 -0.660070910832225 -0.600014209780142 
-43.0770571140704 -0.551253572000454 -0.600014209840142 
-43.0812337747478 -0.465126535608698 -0.600014209900142 
-43.0880844544854 -0.642142909415193 -0.600014209960142 
-43.0935315303484 -0.629183066058549 -0.600014210020142 
-43.0965982852858 -0.497770160812742 -0.400014210060142 
-43.0974657193104 -0.377490904649075 -0.400014210100142 
-43.1051155311808 -0.524562860033414 -0.400014210140142 
-43.1072363049181 -0.305970708098926 -0.400014210180142 
-43.1083120597124 -0.16545657767888 -0.400014210220142 
-43.1099513051132 -0.184245104542676 -0.400014210260142 
-43.1089506823997 0.101937667883268 -0.400014210300142 
-43.1104703994901 -0.121465113458251 -0.400014210340142 
-43.1085067201037 0.0323184347918131 -0.400014210380142 
-43.1057814746249 0.234640276570156 -0.400014210420142 
-43.1025200592962 0.276132938688053 -0.400014210460142 
-43.097370096662 0.442198377877376 -0.400014210500142 
-43.0914653981245 0.530509819082988 -0.400014210540142 
-43.0837541145516 0.639114148589148 -0.600014210600142 
-43.0751480761974 0.783451717383902 -0.600014210660142 
-43.0679695473797 0.722053161011747 -0.600014210720142 
-43.0609378676291 0.750356274890418 -0.600014210780142 
-43.053639810501 0.679905362274638 -0.600014210840142 
-43.0459421873064 0.765732010172143 -0.800014210920142 
-43.0390402811501 0.709053999358711 -0.800014211000142 
-43.0329682429779 0.747958317695612 -0.800014211080142 
-43.0265342047798 0.470934225132028 -0.800014211160142 
-43.0211759213759 0.562391791715213 -0.800014211240142 
-43.0161113361063 0.473608516107973 -0.800014211320142 
-43.0095441092194 0.638984940159288 -1.00001421142014 
-43.0075496939817 0.367323960247095 -1.00001421152014 
-43.0021265237807 0.481647319986259 -1.00001421162014 
-42.9979840140491 0.439918804753712 -1.00001421172014 
-42.9948148062742 0.426408312047296 -1.00001421182014 
-42.9928511268879 0.325290628805352 -1.00001421192014 
-42.9907645040964 0.193715237712402 -1.00001421202014 
-42.9912767682842 -0.00717026482897514 -1.00001421212014 
-42.989804862518 0.047553917880886 -1.00001421222014 
-42.9904298248271 -0.0929568717577976 -1.00001421232014 
-42.9904742210567 -0.0864028841137059 -1.00001421242014 
-42.9912528626221 -0.0863520836113554 -1.00001421252014 
-42.994924089301 -0.350837055571477 -1.00001421262014 
-43.0029154106299 -0.612832589368426 -1.00001421272014 
-43.0067915429839 -0.610716594463304 -1.00001421282014 
-43.0115316942679 -0.507831294287897 -1.00001421292014 
-43.0185428834509 -0.556864161414416 -1.00001421302014 
-43.0279104878975 -0.881372574261916 -1.00001421312014 
-43.0352939223903 -0.842384169672383 -0.800014213200142 
-43.0416391681293 -0.67593425945095 -0.800014213280142 
-43.0474858100588 -0.668381847547216 -0.800014213360142 
-43.0558562068867 -0.777948648918617 -0.800014213440142 
-43.0623039054631 -0.721368402153215 -0.800014213520142 
-43.0665283774648 -0.557034918595677 -0.600014213580142 
-43.0721940193813 -0.555847889116184 -0.600014213640142 
-43.079372548199 -0.678453401407508 -0.600014213700142 
-43.0860012467885 -0.66438421234576 -0.600014213760142 
-43.0901915678443 -0.547808048631727 -0.600014213820142 
-43.0959562475038 -0.643441067456365 -0.600014213880142 
-43.0996479647502 -0.40720708573444 -0.400014213920142 
-43.103336266902 -0.315693346733026 -0.400014213960142 
-43.1051360217483 -0.239241822342461 -0.400014214000142 
-43.1067308709195 -0.233941679679833 -0.400014214040142 
-43.1095756447088 -0.257161874436109 -0.400014214080142 
-43.1145104563841 -0.456638498333958 -0.400014214120142 
-43.1141143054123 -0.162956217355616 -0.400014214160142 
-43.1137864563321 0.0524936238783268 -0.400014214200142 
-43.1103508711796 0.184205869119082 -0.400014214240142 
-43.1071987388776 0.312540871562441 -0.400014214280142 
-43.1015535875286 0.552975693376984 -0.400014214320142 
-43.0965026626374 0.497022198482743 -0.400014214360142 
-43.0895222093056 0.679824032848575 -0.400014214400142 
-43.0825315106901 0.709907574824173 -0.600014214460142 
-43.0748441327793 0.714650446689507 -0.600014214520142 
-43.0679114907717 0.716413572925399 -0.600014214580142 
-43.061935075248 0.571652345153874 -0.600014214640142 
-43.0538583765544 0.668697929744081 -0.600014214700142 
-43.04562458351 0.799873335293633 -0.800014214780142 
-43.0383879980843 0.74137553375708 -0.800014214860142 
-43.0345665072437 0.565451095885819 -0.800014214940142 
-43.026903034995 0.700157813724766 -0.800014215020142 
-43.02262392148 0.508163367030674 -0.800014215100142 
-43.0171187890089 0.530724404613251 -0.800014215180142 
-43.0102954300281 0.584308923940394 -1.00001421528014 
-43.0051522975831 0.553289811294746 -1.00001421538014 
-43.0027788068465 0.325491422436669 -1.00001421548014 
-42.9983528442643 0.454433426062431 -1.00001421558014 
-42.9935102401428 0.464384534247122 -1.00001421568014 
-42.9944118251132 0.0808042770471931 -1.00001421578014 
-42.9905391078538 0.325931375375414 -1.00001421588014 
-42.9905971644618 0.171147510329427 -1.00001421598014 
-42.9897194851534 0.215263604533692 -1.00001421608014 
-42.9885651831837 0.160956568776819 -1.00001421618014 
-42.991952957012 -0.185930311507205 -1.00001421628014 
-42.995730051623 -0.351293437312175 -1.00001421638014 
-42.9990426933705 -0.357509116342977 -1.00001421648014 
-43.0056748070546 -0.619850487195799 -1.00001421658014 
-43.0106813357162 -0.524728384867293 -1.00001421668014 
-43.0159918077959 -0.59697045010708 -1.00001421678014 
-43.0235664875854 -0.666195283662859 -1.00001421688014 
-43.0291023559077 -0.504642806508242 -0.800014216960142 
-43.0371585640337 -0.758265820867143 -0.800014217040142 
-43.0443268475677 -0.635100993798974 -0.800014217120142 
-43.0513824329803 -0.716208481071358 -0.800014217200142 
-43.0593464335525 -0.828620365394437 -0.800014217280142 
-43.0651384339687 -0.756977825869899 -0.600014217340142 
-43.0668186605045 -0.565885157527865 -0.600014217400142 
-43.073126340203 -0.486908680988215 -0.600014217460142 
-43.0813669634367 -0.690958080306792 -0.600014217520142 
-43.0824802842714 -0.41925728808545 -0.600014217580142 
-43.0895666055353 -0.53147315703783 -0.600014217640142 
-43.0932549076871 -0.390152656078532 -0.600014217700142 
-43.0986405118476 -0.529828613155175 -0.400014217740142 
-43.0997606628715 -0.333943529831681 -0.400014217780142 
-43.1041695499807 -0.362061984453888 -0.400014217820142 
-43.1060512670971 -0.320462177551288 -0.400014217860142 
-43.1075573238091 -0.183682410311769 -0.400014217900142 
-43.1075539087145 -0.0621932936402955 -0.400014217940142 
-43.1066967199736 -0.0796166591002377 -0.400014217980142 
-43.1049584368299 0.0722997680975175 -0.400014218020142 
-43.1014135686506 0.338793471150034 -0.400014218060142 
-43.0989239646982 0.326944055322793 -0.400014218100142 
-43.093633983186 0.413124009126599 -0.400014218140142 
-43.0890884922933 0.401923900251271 -0.400014218180142 
-43.0806224728171 0.691024095994362 -0.600014218240142 
-43.073184396811 0.714981420614348 -0.600014218300142 
-43.0675119247053 0.591109278404044 -0.600014218360142 
-43.0613306035064 0.500426457668229 -0.600014218420142 
-43.0556513012116 0.592845069325215 -0.600014218480142 
-43.046208564684 0.761092533560442 -0.800014218560142 
-43.0380396584367 0.768862459900701 -0.800014218640142 
-43.0344708845953 0.478353506326748 -0.800014218720142 
-43.0221560535218 0.942669101411426 -0.800014218800142 
-43.0208856383362 0.457044563711548 -0.800014218880142 
-43.0137993170723 0.532713993257076 -0.800014218960142 
-43.0106779206216 0.405622708741492 -1.00001421906014 
-43.0047254107599 0.536421995082214 -1.00001421916014 
-42.997376127213 0.649512674133687 -1.00001421926014 
-42.99641307054 0.268736794071906 -1.00001421936014 
-42.9930867684142 0.409899961042282 -1.00001421946014 
-42.9922500702409 0.215041530706548 -1.00001421956014 
-42.9893301643707 0.184760744345683 -1.00001421966014 
-42.9869600887287 0.310824930821058 -1.00001421976014 
-42.9891628247361 0.0236021383707583 -1.00001421986014 
-42.9880392586176 0.0999152924167598 -1.00001421996014 
-42.9910035607174 -0.125848297557596 -1.00001422006014 
-42.9929501646308 -0.146382572118547 -1.00001422016014 
-42.9984450518181 -0.341376022340602 -1.00001422026014 
-43.0014776558096 -0.326377911864091 -1.00001422036014 
-43.0047288258545 -0.355937805453453 -1.00001422046014 
-43.0154351473785 -0.702852842166704 -1.00001422056014 
-43.0169138833338 -0.475432607926955 -1.00001422066014 
-43.0274836010744 -0.810842341965455 -1.00001422076014 
-43.0322339976422 -0.499279903317209 -0.800014220840142 
-43.0415811115213 -0.762358267372705 -0.800014220920142 
-43.046990621344 -0.708463655200441 -0.800014221000142 
-43.0532846406641 0.00235311924194653 -0.800014221080142 
-43.0584448485821 -0.364383666999601 -0.800014221160142 
-43.0682973964598 -0.726050221791432 -0.600014221220142 
-43.075957453614 -0.845707980348313 -0.600014221280142 
-43.0803629256287 -0.661525506506544 -0.600014221340142 
-43.084655699522 -0.404138043754919 -0.600014221400142 
-43.0894504923194 -0.446040091781711 -0.600014221460142 
-43.0943887190893 -0.490983371488334 -0.600014221520142 
-43.0985107382534 -0.453830504726113 -0.400014221560142 
-43.102974266876 -0.449558707161149 -0.400014221600142 
-43.1059624746379 -0.379539929960207 -0.400014221640142 
-43.1100298522886 -0.408584776117113 -0.400014221680142 
-43.1121062297963 -0.230110372186489 -0.400014221720142 
-43.1145582677083 -0.315677108175298 -0.400014221760142 
-43.1132468713877 -0.000420211686750609 -0.400014221800142 
-43.1097020032084 0.196554378279143 -0.400014221840142 
-43.1101152296532 0.124141265775618 -0.400014221880142 
-43.1078749276055 0.230784843390033 -0.400014221920142 
-43.1021273234189 0.538572081655804 -0.400014221960142 
-43.0982546061595 0.397659931046853 -0.400014222000142 
-43.0900310583988 0.667834445375344 -0.400014222040142 
-43.0832042843234 0.635779761760122 -0.600014222100142 
-43.0722315854218 1.09956171535522 -0.600014222160142 
-43.0675460756511 0.687581475242845 -0.600014222220142 
-43.0590493203236 0.753650563142423 -0.600014222280142 
-43.0529397161111 0.57960227786336 -0.600014222340142 
-43.0454401684024 0.649114570809445 -0.800014222420142 
-43.04060439447 0.653753362493425 -0.800014222500142 
-43.0332824316798 0.612016234826752 -0.800014222580142 
-43.0279753746947 0.548314260097151 -0.800014222660142 
-43.0189458646119 0.837411501757482 -0.800014222740142 
-43.0155273549323 0.579659185553344 -1.00001422284014 
-43.0070032788481 0.875630507066337 -1.00001422294014 
